<?xml version="1.0" encoding="UTF-8"?>
<testng-results skipped="0" failed="0" ignored="0" total="1" passed="1">
  <reporter-output>
  </reporter-output>
  <suite name="Default suite" duration-ms="721" started-at="2018-01-13T02:45:15Z" finished-at="2018-01-13T02:45:16Z">
    <groups>
    </groups>
    <test name="Default test" duration-ms="721" started-at="2018-01-13T02:45:15Z" finished-at="2018-01-13T02:45:16Z">
      <class name="beta.LoggingExample2">
        <test-method status="PASS" signature="simpleTest2()[pri:0, instance:beta.LoggingExample2@675d3402]" name="simpleTest2" duration-ms="680" started-at="2018-01-12T20:45:15Z" finished-at="2018-01-12T20:45:16Z">
          <reporter-output>
          </reporter-output>
        </test-method> <!-- simpleTest2 -->
      </class> <!-- beta.LoggingExample2 -->
    </test> <!-- Default test -->
  </suite> <!-- Default suite -->
</testng-results>
